<?xml version="1.0" encoding="UTF-8"?>
<coverage generated="1449677624">
  <project timestamp="1449677624">
    <package name="Omnipay\WePay">
      <file name="C:\xampp\htdocs\wepay-omnipay\src/Gateway.php">
        <class name="Gateway" namespace="Omnipay\WePay">
          <metrics methods="13" coveredmethods="13" conditionals="0" coveredconditionals="0" statements="18" coveredstatements="18" elements="31" coveredelements="31"/>
        </class>
        <line num="0" type="stmt" count="3"/>
        <line num="12" type="method" name="getName" crap="1" count="1"/>
        <line num="14" type="stmt" count="1"/>
        <line num="17" type="method" name="getDefaultParameters" crap="1" count="30"/>
        <line num="20" type="stmt" count="30"/>
        <line num="21" type="stmt" count="30"/>
        <line num="22" type="stmt" count="30"/>
        <line num="23" type="stmt" count="30"/>
        <line num="24" type="stmt" count="30"/>
        <line num="25" type="stmt" count="30"/>
        <line num="28" type="method" name="getType" crap="1" count="1"/>
        <line num="30" type="stmt" count="1"/>
        <line num="33" type="method" name="setType" crap="1" count="3"/>
        <line num="35" type="stmt" count="3"/>
        <line num="38" type="method" name="getAccountId" crap="1" count="2"/>
        <line num="40" type="stmt" count="2"/>
        <line num="43" type="method" name="setAccountId" crap="1" count="30"/>
        <line num="45" type="stmt" count="30"/>
        <line num="48" type="method" name="getAccessToken" crap="1" count="2"/>
        <line num="50" type="stmt" count="2"/>
        <line num="53" type="method" name="setAccessToken" crap="1" count="30"/>
        <line num="55" type="stmt" count="30"/>
        <line num="58" type="method" name="getFeePayer" crap="1" count="2"/>
        <line num="60" type="stmt" count="2"/>
        <line num="63" type="method" name="setFeePayer" crap="1" count="30"/>
        <line num="65" type="stmt" count="30"/>
        <line num="68" type="method" name="purchase" crap="1" count="4"/>
        <line num="70" type="stmt" count="4"/>
        <line num="73" type="method" name="completePurchase" crap="1" count="2"/>
        <line num="75" type="stmt" count="2"/>
        <line num="78" type="method" name="fetchTransaction" crap="1" count="1"/>
        <line num="80" type="stmt" count="1"/>
        <line num="83" type="stmt" count="1"/>
        <line num="322" type="stmt" count="3"/>
        <metrics loc="82" ncloc="79" classes="1" methods="13" coveredmethods="13" conditionals="0" coveredconditionals="0" statements="18" coveredstatements="18" elements="31" coveredelements="31"/>
      </file>
    </package>
    <package name="Omnipay\WePay\Message">
      <file name="C:\xampp\htdocs\wepay-omnipay\src/Message/AbstractRequest.php">
        <class name="AbstractRequest" namespace="Omnipay\WePay\Message">
          <metrics methods="11" coveredmethods="11" conditionals="0" coveredconditionals="0" statements="13" coveredstatements="13" elements="24" coveredelements="24"/>
        </class>
        <line num="10" type="method" name="getApiUrl" crap="2" count="3"/>
        <line num="12" type="stmt" count="3"/>
        <line num="15" type="method" name="getEndpoint" crap="1" count="1"/>
        <line num="17" type="stmt" count="1"/>
        <line num="20" type="method" name="getFeePayer" crap="1" count="4"/>
        <line num="22" type="stmt" count="4"/>
        <line num="25" type="method" name="setFeePayer" crap="1" count="18"/>
        <line num="27" type="stmt" count="18"/>
        <line num="30" type="method" name="getType" crap="1" count="4"/>
        <line num="32" type="stmt" count="4"/>
        <line num="35" type="method" name="setType" crap="1" count="18"/>
        <line num="37" type="stmt" count="18"/>
        <line num="40" type="method" name="getAccountId" crap="1" count="5"/>
        <line num="42" type="stmt" count="5"/>
        <line num="45" type="method" name="setAccountId" crap="1" count="18"/>
        <line num="47" type="stmt" count="18"/>
        <line num="50" type="method" name="getAccessToken" crap="1" count="5"/>
        <line num="52" type="stmt" count="5"/>
        <line num="55" type="method" name="setAccessToken" crap="1" count="18"/>
        <line num="57" type="stmt" count="18"/>
        <line num="60" type="method" name="getApiHeader" crap="1" count="3"/>
        <line num="63" type="stmt" count="3"/>
        <line num="64" type="stmt" count="3"/>
        <line num="65" type="stmt" count="3"/>
        <line num="68" type="stmt" count="1"/>
        <metrics loc="67" ncloc="67" classes="1" methods="11" coveredmethods="11" conditionals="0" coveredconditionals="0" statements="13" coveredstatements="13" elements="24" coveredelements="24"/>
      </file>
      <file name="C:\xampp\htdocs\wepay-omnipay\src/Message/CompletePurchaseRequest.php">
        <class name="CompletePurchaseRequest" namespace="Omnipay\WePay\Message">
          <metrics methods="2" coveredmethods="2" conditionals="0" coveredconditionals="0" statements="12" coveredstatements="12" elements="14" coveredelements="14"/>
        </class>
        <line num="12" type="method" name="getData" crap="2" count="3"/>
        <line num="15" type="stmt" count="3"/>
        <line num="17" type="stmt" count="3"/>
        <line num="18" type="stmt" count="1"/>
        <line num="21" type="stmt" count="2"/>
        <line num="24" type="method" name="sendData" crap="1" count="1"/>
        <line num="26" type="stmt" count="1"/>
        <line num="27" type="stmt" count="1"/>
        <line num="28" type="stmt" count="1"/>
        <line num="29" type="stmt" count="1"/>
        <line num="30" type="stmt" count="1"/>
        <line num="31" type="stmt" count="1"/>
        <line num="32" type="stmt" count="1"/>
        <line num="34" type="stmt" count="1"/>
        <line num="37" type="stmt" count="1"/>
        <metrics loc="36" ncloc="31" classes="1" methods="2" coveredmethods="2" conditionals="0" coveredconditionals="0" statements="12" coveredstatements="12" elements="14" coveredelements="14"/>
      </file>
      <file name="C:\xampp\htdocs\wepay-omnipay\src/Message/CompletePurchaseResponse.php">
        <class name="CompletePurchaseResponse" namespace="Omnipay\WePay\Message">
          <metrics methods="5" coveredmethods="5" conditionals="0" coveredconditionals="0" statements="5" coveredstatements="5" elements="10" coveredelements="10"/>
        </class>
        <line num="12" type="method" name="isSuccessful" crap="2" count="2"/>
        <line num="14" type="stmt" count="2"/>
        <line num="17" type="method" name="getTransactionReference" crap="2" count="2"/>
        <line num="19" type="stmt" count="2"/>
        <line num="22" type="method" name="getTransactionId" crap="2" count="2"/>
        <line num="24" type="stmt" count="2"/>
        <line num="27" type="method" name="getCode" crap="2" count="2"/>
        <line num="29" type="stmt" count="2"/>
        <line num="32" type="method" name="getMessage" crap="2" count="2"/>
        <line num="34" type="stmt" count="2"/>
        <line num="37" type="stmt" count="1"/>
        <metrics loc="36" ncloc="33" classes="1" methods="5" coveredmethods="5" conditionals="0" coveredconditionals="0" statements="5" coveredstatements="5" elements="10" coveredelements="10"/>
      </file>
      <file name="C:\xampp\htdocs\wepay-omnipay\src/Message/CustomCheckoutResponse.php">
        <class name="CustomCheckoutResponse" namespace="Omnipay\WePay\Message">
          <metrics methods="6" coveredmethods="6" conditionals="0" coveredconditionals="0" statements="6" coveredstatements="6" elements="12" coveredelements="12"/>
        </class>
        <line num="13" type="method" name="isSuccessful" crap="2" count="2"/>
        <line num="15" type="stmt" count="2"/>
        <line num="18" type="method" name="getCode" crap="2" count="2"/>
        <line num="20" type="stmt" count="2"/>
        <line num="23" type="method" name="getMessage" crap="2" count="2"/>
        <line num="25" type="stmt" count="2"/>
        <line num="28" type="method" name="isRedirect" crap="1" count="1"/>
        <line num="30" type="stmt" count="1"/>
        <line num="33" type="method" name="getTransactionId" crap="2" count="2"/>
        <line num="35" type="stmt" count="2"/>
        <line num="38" type="method" name="getTransactionReference" crap="2" count="2"/>
        <line num="40" type="stmt" count="2"/>
        <line num="43" type="stmt" count="1"/>
        <metrics loc="42" ncloc="39" classes="1" methods="6" coveredmethods="6" conditionals="0" coveredconditionals="0" statements="6" coveredstatements="6" elements="12" coveredelements="12"/>
      </file>
      <file name="C:\xampp\htdocs\wepay-omnipay\src/Message/FetchTransactionRequest.php">
        <class name="FetchTransactionRequest" namespace="Omnipay\WePay\Message">
          <metrics methods="3" coveredmethods="3" conditionals="0" coveredconditionals="0" statements="14" coveredstatements="14" elements="17" coveredelements="17"/>
        </class>
        <line num="12" type="method" name="getEndpoint" crap="1" count="2"/>
        <line num="14" type="stmt" count="2"/>
        <line num="17" type="method" name="getData" crap="1" count="3"/>
        <line num="19" type="stmt" count="3"/>
        <line num="21" type="stmt" count="3"/>
        <line num="22" type="stmt" count="3"/>
        <line num="24" type="stmt" count="3"/>
        <line num="27" type="method" name="sendData" crap="2" count="2"/>
        <line num="30" type="stmt" count="2"/>
        <line num="31" type="stmt" count="2"/>
        <line num="32" type="stmt" count="2"/>
        <line num="33" type="stmt" count="2"/>
        <line num="34" type="stmt" count="2"/>
        <line num="36" type="stmt" count="1"/>
        <line num="37" type="stmt" count="1"/>
        <line num="38" type="stmt" count="1"/>
        <line num="40" type="stmt" count="1"/>
        <line num="44" type="stmt" count="1"/>
        <line num="859" type="stmt" count="2"/>
        <metrics loc="43" ncloc="40" classes="1" methods="3" coveredmethods="3" conditionals="0" coveredconditionals="0" statements="14" coveredstatements="14" elements="17" coveredelements="17"/>
      </file>
      <file name="C:\xampp\htdocs\wepay-omnipay\src/Message/FetchTransactionResponse.php">
        <class name="FetchTransactionResponse" namespace="Omnipay\WePay\Message">
          <metrics methods="5" coveredmethods="5" conditionals="0" coveredconditionals="0" statements="5" coveredstatements="5" elements="10" coveredelements="10"/>
        </class>
        <line num="12" type="method" name="isSuccessful" crap="2" count="2"/>
        <line num="14" type="stmt" count="2"/>
        <line num="17" type="method" name="getTransactionReference" crap="2" count="2"/>
        <line num="19" type="stmt" count="2"/>
        <line num="22" type="method" name="getTransactionId" crap="2" count="2"/>
        <line num="24" type="stmt" count="2"/>
        <line num="27" type="method" name="getCode" crap="2" count="2"/>
        <line num="29" type="stmt" count="2"/>
        <line num="32" type="method" name="getMessage" crap="2" count="2"/>
        <line num="34" type="stmt" count="2"/>
        <line num="37" type="stmt" count="1"/>
        <metrics loc="36" ncloc="33" classes="1" methods="5" coveredmethods="5" conditionals="0" coveredconditionals="0" statements="5" coveredstatements="5" elements="10" coveredelements="10"/>
      </file>
      <file name="C:\xampp\htdocs\wepay-omnipay\src/Message/PurchaseRequest.php">
        <class name="PurchaseRequest" namespace="Omnipay\WePay\Message">
          <metrics methods="2" coveredmethods="2" conditionals="0" coveredconditionals="0" statements="36" coveredstatements="36" elements="38" coveredelements="38"/>
        </class>
        <line num="12" type="method" name="getData" crap="4" count="2"/>
        <line num="14" type="stmt" count="2"/>
        <line num="16" type="stmt" count="2"/>
        <line num="17" type="stmt" count="2"/>
        <line num="19" type="stmt" count="2"/>
        <line num="20" type="stmt" count="2"/>
        <line num="21" type="stmt" count="2"/>
        <line num="22" type="stmt" count="2"/>
        <line num="23" type="stmt" count="2"/>
        <line num="24" type="stmt" count="2"/>
        <line num="25" type="stmt" count="2"/>
        <line num="27" type="stmt" count="2"/>
        <line num="28" type="stmt" count="2"/>
        <line num="32" type="stmt" count="2"/>
        <line num="33" type="stmt" count="2"/>
        <line num="34" type="stmt" count="2"/>
        <line num="35" type="stmt" count="2"/>
        <line num="37" type="stmt" count="2"/>
        <line num="38" type="stmt" count="2"/>
        <line num="39" type="stmt" count="2"/>
        <line num="41" type="stmt" count="2"/>
        <line num="42" type="stmt" count="2"/>
        <line num="43" type="stmt" count="2"/>
        <line num="44" type="stmt" count="2"/>
        <line num="46" type="stmt" count="2"/>
        <line num="49" type="stmt" count="2"/>
        <line num="52" type="method" name="sendData" crap="3" count="1"/>
        <line num="55" type="stmt" count="1"/>
        <line num="56" type="stmt" count="1"/>
        <line num="57" type="stmt" count="1"/>
        <line num="58" type="stmt" count="1"/>
        <line num="59" type="stmt" count="1"/>
        <line num="62" type="stmt" count="1"/>
        <line num="63" type="stmt" count="1"/>
        <line num="65" type="stmt" count="1"/>
        <line num="67" type="stmt" count="1"/>
        <line num="68" type="stmt" count="1"/>
        <line num="70" type="stmt" count="1"/>
        <line num="74" type="stmt" count="1"/>
        <line num="859" type="stmt" count="1"/>
        <metrics loc="73" ncloc="62" classes="1" methods="2" coveredmethods="2" conditionals="0" coveredconditionals="0" statements="36" coveredstatements="36" elements="38" coveredelements="38"/>
      </file>
      <file name="C:\xampp\htdocs\wepay-omnipay\src/Message/PurchaseResponse.php">
        <class name="PurchaseResponse" namespace="Omnipay\WePay\Message">
          <metrics methods="9" coveredmethods="9" conditionals="0" coveredconditionals="0" statements="11" coveredstatements="11" elements="20" coveredelements="20"/>
        </class>
        <line num="13" type="method" name="isSuccessful" crap="1" count="2"/>
        <line num="15" type="stmt" count="2"/>
        <line num="18" type="method" name="getCode" crap="2" count="2"/>
        <line num="20" type="stmt" count="2"/>
        <line num="23" type="method" name="getMessage" crap="2" count="2"/>
        <line num="25" type="stmt" count="2"/>
        <line num="28" type="method" name="isRedirect" crap="2" count="2"/>
        <line num="30" type="stmt" count="2"/>
        <line num="33" type="method" name="getRedirectUrl" crap="2" count="2"/>
        <line num="35" type="stmt" count="2"/>
        <line num="36" type="stmt" count="1"/>
        <line num="38" type="stmt" count="1"/>
        <line num="42" type="method" name="getRedirectMethod" crap="1" count="2"/>
        <line num="44" type="stmt" count="2"/>
        <line num="47" type="method" name="getRedirectData" crap="1" count="2"/>
        <line num="49" type="stmt" count="2"/>
        <line num="52" type="method" name="getTransactionId" crap="2" count="2"/>
        <line num="54" type="stmt" count="2"/>
        <line num="57" type="method" name="getTransactionReference" crap="2" count="1"/>
        <line num="59" type="stmt" count="1"/>
        <line num="62" type="stmt" count="1"/>
        <metrics loc="61" ncloc="58" classes="1" methods="9" coveredmethods="9" conditionals="0" coveredconditionals="0" statements="11" coveredstatements="11" elements="20" coveredelements="20"/>
      </file>
    </package>
    <metrics files="9" loc="476" ncloc="442" classes="9" methods="56" coveredmethods="56" conditionals="0" coveredconditionals="0" statements="120" coveredstatements="120" elements="176" coveredelements="176"/>
  </project>
</coverage>
